#
# A fatal error has been detected by the Java Runtime Environment:
#
#  SIGSEGV (0xb) at pc=0xb6e114a3, pid=27915, tid=2007358320
#
# JRE version: 6.0_20-b02
# Java VM: Java HotSpot(TM) Server VM (16.3-b01 mixed mode linux-x86 )
# Problematic frame:
# V  [libjvm.so+0x4284a3]
#
# If you would like to submit a bug report, please visit:
#   http://java.sun.com/webapps/bugreport/crash.jsp
#

---------------  T H R E A D  ---------------

Current thread (0x097a4c00):  JavaThread "JDWP Transport Listener: dt_socket" daemon [_thread_in_vm, id=27932, stack(0x77a0d000,0x77a5e000)]

siginfo:si_signo=SIGSEGV: si_errno=0, si_code=1 (SEGV_MAPERR), si_addr=0x0000003b

Registers:
EAX=0x0000003b, EBX=0xb71421e0, ECX=0x0000003b, EDX=0x00000980
ESP=0x77a5ce04, EBP=0x77a5ce68, ESI=0x097a4c00, EDI=0x096e2680
EIP=0xb6e114a3, CR2=0x0000003b, EFLAGS=0x00210212

Top of Stack: (sp=0x77a5ce04)
0x77a5ce04:   097a4c00 00000000 00000000 097a4c00
0x77a5ce14:   00000000 77a5ce38 77a5ce20 097a4c00
0x77a5ce24:   00000000 00000000 00000000 097a4c00
0x77a5ce34:   b767502f b6919438 b6919438 097a4c00
0x77a5ce44:   77a5cf50 77a5ce88 b690e10a 096e2680
0x77a5ce54:   7791ce30 b6e1139b b6919438 b6919320
0x77a5ce64:   77a5cebb 77a5ce88 b690c846 096e2680
0x77a5ce74:   0000003b 77a5cebb b6919438 0000003b 

Instructions: (pc=0xb6e114a3)
0xb6e11493:   00 8b 4d 0c 31 c0 85 c9 74 28 8b 45 0c 83 ec 0c
0xb6e114a3:   8b 30 8b 46 04 8d 48 08 8b 40 08 51 ff 90 94 00 

Stack: [0x77a0d000,0x77a5e000],  sp=0x77a5ce04,  free space=13f77a5c790k
Native frames: (J=compiled Java code, j=interpreted, Vv=VM code, C=native code)
V  [libjvm.so+0x4284a3]
C  [libjdwp.so+0x2d846]
C  [libjdwp.so+0x6874]
C  [libjdwp.so+0x6a73]
C  [libjdwp.so+0x6b20]
C  [libjdwp.so+0x13143]
C  [libjdwp.so+0x27fd5]
C  [libjdwp.so+0x282d3]
V  [libjvm.so+0x4988e9]
V  [libjvm.so+0x64cfde]
V  [libjvm.so+0x55f24e]
C  [libpthread.so.0+0x596e]


---------------  P R O C E S S  ---------------

Java Threads: ( => current thread )
  0x771dd400 JavaThread "ReaderThread" [_thread_in_native, id=27944, stack(0x77315000,0x77366000)]
  0x77902c00 JavaThread "Low Memory Detector" daemon [_thread_blocked, id=27940, stack(0x776ba000,0x7770b000)]
  0x097b4c00 JavaThread "CompilerThread1" daemon [_thread_blocked, id=27939, stack(0x7770b000,0x7778c000)]
  0x097b3000 JavaThread "CompilerThread0" daemon [_thread_blocked, id=27938, stack(0x7778c000,0x7780d000)]
  0x77900800 JavaThread "JDWP Command Reader" daemon [_thread_in_native, id=27934, stack(0x7780d000,0x7785e000)]
  0x097a7400 JavaThread "JDWP Event Helper Thread" daemon [_thread_blocked, id=27933, stack(0x778af000,0x77900000)]
=>0x097a4c00 JavaThread "JDWP Transport Listener: dt_socket" daemon [_thread_in_vm, id=27932, stack(0x77a0d000,0x77a5e000)]
  0x0979ac00 JavaThread "Signal Dispatcher" daemon [_thread_blocked, id=27929, stack(0x77a5e000,0x77aaf000)]
  0x0978ac00 JavaThread "Finalizer" daemon [_thread_blocked, id=27928, stack(0x7785e000,0x778af000)]
  0x09786000 JavaThread "Reference Handler" daemon [_thread_blocked, id=27927, stack(0x77aaf000,0x77b00000)]
  0x096e5c00 JavaThread "main" [_thread_blocked, id=27921, stack(0xb6972000,0xb69c3000)]

Other Threads:
  0x09783400 VMThread [stack: 0x77b00000,0x77b81000] [id=27926]
  0x77905400 WatcherThread [stack: 0x77639000,0x776ba000] [id=27941]

VM state:not at safepoint (normal execution)

VM Mutex/Monitor currently owned by a thread: None

Heap
 PSYoungGen      total 151488K, used 89417K [0xa0fd0000, 0xab370000, 0xb3670000)
  eden space 136960K, 60% used [0xa0fd0000,0xa603c480,0xa9590000)
  from space 14528K, 48% used [0xaa540000,0xaac260b0,0xab370000)
  to   space 15296K, 0% used [0xa9590000,0xa9590000,0xaa480000)
 PSOldGen        total 37696K, used 24393K [0x7c270000, 0x7e740000, 0xa0fd0000)
  object space 37696K, 64% used [0x7c270000,0x7da426b0,0x7e740000)
 PSPermGen       total 20608K, used 20528K [0x78270000, 0x79690000, 0x7c270000)
  object space 20608K, 99% used [0x78270000,0x7967c1a0,0x79690000)

Dynamic libraries:
08048000-08052000 r-xp 00000000 08:13 6685497    /usr/lib/jvm/java-6-sun-1.6.0.20/jre/bin/java
08052000-08053000 rwxp 00009000 08:13 6685497    /usr/lib/jvm/java-6-sun-1.6.0.20/jre/bin/java
096d5000-0a60b000 rwxp 00000000 00:00 0          [heap]
74f00000-74fca000 rwxp 00000000 00:00 0 
74fca000-75000000 ---p 00000000 00:00 0 
75100000-751fa000 rwxp 00000000 00:00 0 
751fa000-75200000 ---p 00000000 00:00 0 
75200000-752e1000 rwxp 00000000 00:00 0 
752e1000-75300000 ---p 00000000 00:00 0 
75300000-753f9000 rwxp 00000000 00:00 0 
753f9000-75400000 ---p 00000000 00:00 0 
75700000-757cc000 rwxp 00000000 00:00 0 
757cc000-75800000 ---p 00000000 00:00 0 
75800000-758e1000 rwxp 00000000 00:00 0 
758e1000-75900000 ---p 00000000 00:00 0 
75900000-759f6000 rwxp 00000000 00:00 0 
759f6000-75a00000 ---p 00000000 00:00 0 
75a00000-75a8d000 rwxp 00000000 00:00 0 
75a8d000-75b00000 ---p 00000000 00:00 0 
75b00000-75be5000 rwxp 00000000 00:00 0 
75be5000-75c00000 ---p 00000000 00:00 0 
75d00000-75df7000 rwxp 00000000 00:00 0 
75df7000-75e00000 ---p 00000000 00:00 0 
75e00000-75efa000 rwxp 00000000 00:00 0 
75efa000-75f00000 ---p 00000000 00:00 0 
75f00000-76100000 rwxp 00000000 00:00 0 
76100000-76200000 rwxp 00000000 00:00 0 
76300000-763fe000 rwxp 00000000 00:00 0 
763fe000-76400000 ---p 00000000 00:00 0 
76400000-764fc000 rwxp 00000000 00:00 0 
764fc000-76500000 ---p 00000000 00:00 0 
76500000-765fb000 rwxp 00000000 00:00 0 
765fb000-76600000 ---p 00000000 00:00 0 
76600000-766fd000 rwxp 00000000 00:00 0 
766fd000-76700000 ---p 00000000 00:00 0 
76700000-767fa000 rwxp 00000000 00:00 0 
767fa000-76800000 ---p 00000000 00:00 0 
76800000-768fc000 rwxp 00000000 00:00 0 
768fc000-76900000 ---p 00000000 00:00 0 
76900000-76a00000 rwxp 00000000 00:00 0 
76b00000-76bff000 rwxp 00000000 00:00 0 
76bff000-76c00000 ---p 00000000 00:00 0 
76c00000-76cfb000 rwxp 00000000 00:00 0 
76cfb000-76d00000 ---p 00000000 00:00 0 
76d00000-76dfd000 rwxp 00000000 00:00 0 
76dfd000-76e00000 ---p 00000000 00:00 0 
76e1d000-76e20000 ---p 00000000 00:00 0 
76e20000-76e6e000 rwxp 00000000 00:00 0 
76f00000-76ffd000 rwxp 00000000 00:00 0 
76ffd000-77000000 ---p 00000000 00:00 0 
77000000-770f1000 rwxp 00000000 00:00 0 
770f1000-77100000 ---p 00000000 00:00 0 
77100000-771fa000 rwxp 00000000 00:00 0 
771fa000-77200000 ---p 00000000 00:00 0 
77200000-772fc000 rwxp 00000000 00:00 0 
772fc000-77300000 ---p 00000000 00:00 0 
77315000-77318000 ---p 00000000 00:00 0 
77318000-77366000 rwxp 00000000 00:00 0 
77366000-77368000 r-xs 00000000 08:13 5373999    /home/lb3/.m2/repository/org/jboss/arquillian/arquillian-api/1.0.0.Alpha3/arquillian-api-1.0.0.Alpha3.jar
77368000-7736a000 r-xs 0000c000 08:13 5374001    /home/lb3/.m2/repository/org/jboss/arquillian/arquillian-impl-base/1.0.0.Alpha3/arquillian-impl-base-1.0.0.Alpha3.jar
7736a000-7736b000 r-xs 00004000 08:13 5373997    /home/lb3/.m2/repository/org/jboss/arquillian/arquillian-junit/1.0.0.Alpha3/arquillian-junit-1.0.0.Alpha3.jar
7736b000-77371000 r-xs 00034000 08:13 4991392    /home/lb3/.m2/repository/junit/junit/4.8.1/junit-4.8.1.jar
77371000-77379000 r-xs 0008e000 08:13 790582     /home/lb3/.m2/repository/javassist/javassist/3.11.0.GA/javassist-3.11.0.GA.jar
77379000-7737a000 r-xs 00003000 08:13 282629     /home/lb3/.m2/repository/javax/transaction/jta/1.1/jta-1.1.jar
7737a000-7737f000 r-xs 00016000 08:13 283314     /home/lb3/.m2/repository/xml-apis/xml-apis/1.0.b2/xml-apis-1.0.b2.jar
7737f000-77384000 r-xs 00048000 08:13 282383     /home/lb3/.m2/repository/dom4j/dom4j/1.6.1/dom4j-1.6.1.jar
77384000-77391000 r-xs 0007c000 08:13 282352     /home/lb3/.m2/repository/commons-collections/commons-collections/3.1/commons-collections-3.1.jar
77391000-77397000 r-xs 00067000 08:13 282284     /home/lb3/.m2/repository/antlr/antlr/2.7.6/antlr-2.7.6.jar
77397000-773b9000 r-xs 00208000 08:13 281635     /home/lb3/.m2/repository/org/hibernate/hibernate-core/3.3.0.SP1/hibernate-core-3.3.0.SP1.jar
773b9000-773be000 r-xs 00040000 08:13 281720     /home/lb3/.m2/repository/org/hibernate/hibernate-annotations/3.4.0.GA/hibernate-annotations-3.4.0.GA.jar
773be000-773c1000 r-xs 0000e000 08:13 281599     /home/lb3/.m2/repository/org/hibernate/hibernate-commons-annotations/3.1.0.GA/hibernate-commons-annotations-3.1.0.GA.jar
773c1000-773c4000 r-xs 0000a000 08:13 281693     /home/lb3/.m2/repository/org/hibernate/ejb3-persistence/1.0.2.GA/ejb3-persistence-1.0.2.GA.jar
773c4000-773c7000 r-xs 0001b000 08:13 281587     /home/lb3/.m2/repository/org/hibernate/hibernate-entitymanager/3.4.0.GA/hibernate-entitymanager-3.4.0.GA.jar
773c7000-773c8000 r-xs 00005000 08:13 4990774    /home/lb3/.m2/repository/org/slf4j/slf4j-api/1.5.10/slf4j-api-1.5.10.jar
773c8000-773c9000 r-xs 00001000 08:13 6161406    /home/lb3/.m2/repository/org/slf4j/slf4j-simple/1.5.10/slf4j-simple-1.5.10.jar
773c9000-773f5000 r-xs 001f2000 08:13 7364718    /home/lb3/.m2/repository/org/jboss/weld/weld-se/1.0.1-Final/weld-se-1.0.1-Final.jar
773f5000-773f7000 r-xs 0000b000 08:13 279855     /home/lb3/.m2/repository/org/apache/maven/wagon/wagon-provider-api/1.0-beta-6/wagon-provider-api-1.0-beta-6.jar
773f7000-773fe000 r-xs 0003f000 08:13 8394632    /home/lb3/.m2/repository/org/apache/maven/maven-compat/3.0-RC1/maven-compat-3.0-RC1.jar
773fe000-77400000 r-xs 00002000 08:13 8394727    /home/lb3/.m2/repository/org/sonatype/aether/aether-spi/1.4/aether-spi-1.4.jar
77400000-774fe000 rwxp 00000000 00:00 0 
774fe000-77500000 ---p 00000000 00:00 0 
7753b000-7754e000 r-xp 00000000 08:13 6685717    /usr/lib/jvm/java-6-sun-1.6.0.20/jre/lib/i386/libnet.so
7754e000-7754f000 rwxp 00013000 08:13 6685717    /usr/lib/jvm/java-6-sun-1.6.0.20/jre/lib/i386/libnet.so
7754f000-7755a000 r-xs 0009d000 08:13 7603291    /home/lb3/.m2/repository/org/mvel/mvel2/2.0.18-RC5/mvel2-2.0.18-RC5.jar
7755a000-7755b000 r-xs 00008000 08:13 7364724    /home/lb3/.m2/repository/org/fusesource/jansi/jansi/1.2/jansi-1.2.jar
7755b000-7755e000 r-xs 00017000 08:13 7364720    /home/lb3/.m2/repository/org/sonatype/jline/jline/2.3/jline-2.3.jar
7755e000-77567000 r-xs 0006d000 08:13 6684723    /home/lb3/.m2/repository/log4j/log4j/1.2.16/log4j-1.2.16.jar
77567000-77568000 r-xs 00002000 08:13 7100766    /home/lb3/.m2/repository/org/slf4j/slf4j-log4j12/1.5.10/slf4j-log4j12-1.5.10.jar
77568000-7756a000 r-xs 00006000 08:13 925517     /home/lb3/.m2/repository/ch/qos/cal10n/cal10n-api/0.7.2/cal10n-api-0.7.2.jar
7756a000-7756c000 r-xs 00009000 08:13 4989192    /home/lb3/.m2/repository/org/slf4j/slf4j-ext/1.5.10/slf4j-ext-1.5.10.jar
7756c000-7756e000 r-xs 0000b000 08:13 4989463    /home/lb3/.m2/repository/org/jboss/interceptor/jboss-interceptor/1.0.0-CR11/jboss-interceptor-1.0.0-CR11.jar
7756e000-7757c000 r-xs 0008f000 08:13 4989467    /home/lb3/.m2/repository/com/google/collections/google-collections/1.0/google-collections-1.0.jar
7757c000-77580000 r-xs 00009000 08:13 4980789    /home/lb3/.m2/repository/org/jboss/weld/weld-spi/1.0-SP1/weld-spi-1.0-SP1.jar
77580000-77582000 r-xs 00000000 08:13 4980785    /home/lb3/.m2/repository/org/jboss/weld/weld-api/1.0-SP1/weld-api-1.0-SP1.jar
77582000-7758f000 r-xs 0008b000 08:13 5376594    /home/lb3/.m2/repository/org/jboss/weld/weld-core/1.0.1-SP1/weld-core-1.0.1-SP1.jar
7758f000-77590000 r-xs 00001000 08:13 5374010    /home/lb3/.m2/repository/org/jboss/shrinkwrap/shrinkwrap-extension-classloader/1.0.0-alpha-11/shrinkwrap-extension-classloader-1.0.0-alpha-11.jar
77590000-77592000 r-xs 00002000 08:13 5374009    /home/lb3/.m2/repository/org/jboss/arquillian/testenricher/arquillian-testenricher-cdi/1.0.0.Alpha3/arquillian-testenricher-cdi-1.0.0.Alpha3.jar
77592000-77594000 r-xs 00000000 08:13 5374007    /home/lb3/.m2/repository/org/jboss/arquillian/protocol/arquillian-protocol-local/1.0.0.Alpha3/arquillian-protocol-local-1.0.0.Alpha3.jar
77594000-77596000 r-xs 00002000 08:13 6686643    /home/lb3/.m2/repository/org/jboss/arquillian/container/arquillian-weld-se-embedded-1/1.0.0.Alpha3/arquillian-weld-se-embedded-1-1.0.0.Alpha3.jar
77596000-77598000 r-xs 00007000 08:13 5116030    /home/lb3/.m2/repository/javax/el/el-api/2.2/el-api-2.2.jar
77598000-7759a000 r-xs 00007000 08:13 5374002    /home/lb3/.m2/repository/org/jboss/arquillian/arquillian-spi/1.0.0.Alpha3/arquillian-spi-1.0.0.Alpha3.jar
7759a000-7759d000 r-xs 00016000 08:13 8263529    /home/lb3/.m2/repository/org/sonatype/aether/aether-impl/1.4/aether-impl-1.4.jar
7759d000-775a1000 r-xs 00017000 08:13 8128579    /home/lb3/.m2/repository/org/sonatype/aether/aether-util/1.4/aether-util-1.4.jar
775a1000-775a4000 r-xs 0000f000 08:13 8394725    /home/lb3/.m2/repository/org/sonatype/aether/aether-api/1.4/aether-api-1.4.jar
775a4000-775a6000 r-xs 0000b000 08:13 8394719    /home/lb3/.m2/repository/org/apache/maven/maven-aether-provider/3.0-RC1/maven-aether-provider-3.0-RC1.jar
775a6000-775ab000 r-xs 00020000 08:13 8394720    /home/lb3/.m2/repository/org/apache/maven/maven-model-builder/3.0-RC1/maven-model-builder-3.0-RC1.jar
775ab000-775b6000 r-xs 00069000 08:13 8394709    /home/lb3/.m2/repository/org/sonatype/sisu/sisu-guice/2.1.7/sisu-guice-2.1.7-noaop.jar
775b6000-775bb000 r-xs 00021000 08:13 8394714    /home/lb3/.m2/repository/org/sonatype/sisu/sisu-inject-bean/1.4.0/sisu-inject-bean-1.4.0.jar
775bb000-775bd000 r-xs 0000a000 08:13 7603265    /home/lb3/.m2/repository/org/codehaus/plexus/plexus-classworlds/2.2.3/plexus-classworlds-2.2.3.jar
775bd000-775c4000 r-xs 0002b000 08:13 8394703    /home/lb3/.m2/repository/org/sonatype/sisu/sisu-inject-plexus/1.4.0/sisu-inject-plexus-1.4.0.jar
775c4000-775c6000 r-xs 0000a000 08:13 8394712    /home/lb3/.m2/repository/org/apache/maven/maven-plugin-api/3.0-RC1/maven-plugin-api-3.0-RC1.jar
775c6000-775c8000 r-xs 0000b000 08:13 8394633    /home/lb3/.m2/repository/org/apache/maven/maven-artifact/3.0-RC1/maven-artifact-3.0-RC1.jar
775c8000-775ca000 r-xs 00006000 08:13 8394707    /home/lb3/.m2/repository/org/apache/maven/maven-repository-metadata/3.0-RC1/maven-repository-metadata-3.0-RC1.jar
775ca000-775cc000 r-xs 00002000 08:13 4063256    /home/lb3/.m2/repository/org/sonatype/plexus/plexus-cipher/1.4/plexus-cipher-1.4.jar
775cc000-775cd000 r-xs 00006000 08:13 4063279    /home/lb3/.m2/repository/org/sonatype/plexus/plexus-sec-dispatcher/1.3/plexus-sec-dispatcher-1.3.jar
775cd000-775cf000 r-xs 00000000 08:13 4852446    /home/lb3/.m2/repository/org/codehaus/plexus/plexus-component-annotations/1.5.4/plexus-component-annotations-1.5.4.jar
775cf000-775d1000 r-xs 0000b000 08:13 4063242    /home/lb3/.m2/repository/org/codehaus/plexus/plexus-interpolation/1.11/plexus-interpolation-1.11.jar
775d1000-775d3000 r-xs 00008000 08:13 8394631    /home/lb3/.m2/repository/org/apache/maven/maven-settings-builder/3.0-RC1/maven-settings-builder-3.0-RC1.jar
775d3000-775d5000 r-xs 0000a000 08:13 8394704    /home/lb3/.m2/repository/org/apache/maven/maven-settings/3.0-RC1/maven-settings-3.0-RC1.jar
775d5000-775e0000 r-xs 00076000 08:13 8394699    /home/lb3/.m2/repository/org/apache/maven/maven-core/3.0-RC1/maven-core-3.0-RC1.jar
775e0000-775e4000 r-xs 00033000 08:13 7603108    /home/lb3/.m2/repository/org/codehaus/plexus/plexus-utils/2.0.4/plexus-utils-2.0.4.jar
775e4000-775e7000 r-xs 00026000 08:13 8394626    /home/lb3/.m2/repository/org/apache/maven/maven-model/3.0-RC1/maven-model-3.0-RC1.jar
775e7000-775ea000 r-xs 00015000 08:13 5772028    /home/lb3/.m2/repository/org/jboss/shrinkwrap/shrinkwrap-impl-base/1.0.0-alpha-11/shrinkwrap-impl-base-1.0.0-alpha-11.jar
775ea000-775eb000 r-xs 00000000 08:13 5772026    /home/lb3/.m2/repository/org/jboss/shrinkwrap/shrinkwrap-spi/1.0.0-alpha-11/shrinkwrap-spi-1.0.0-alpha-11.jar
775eb000-775ee000 r-xs 00016000 08:13 5772521    /home/lb3/.m2/repository/org/jboss/shrinkwrap/shrinkwrap-descriptors/1.0.0-SNAPSHOT/shrinkwrap-descriptors-1.0.0-SNAPSHOT.jar
775ee000-775f1000 r-xs 00009000 08:13 5772494    /home/lb3/.m2/repository/org/jboss/shrinkwrap/shrinkwrap-api/1.0.0-alpha-11/shrinkwrap-api-1.0.0-alpha-11.jar
775f1000-775f5000 r-xs 00016000 08:13 6161131    /home/lb3/.m2/repository/org/jboss/weld/weld-extensions/1.0.0.Alpha2/weld-extensions-1.0.0.Alpha2.jar
775f5000-775f8000 r-xs 00009000 08:13 4980786    /home/lb3/.m2/repository/javax/enterprise/cdi-api/1.0-SP1/cdi-api-1.0-SP1.jar
775f8000-775fa000 r-xs 00007000 08:13 6686807    /home/lb3/.m2/repository/org/eclipse/core/filesystem/1.0.0-v20060603/filesystem-1.0.0-v20060603.jar
775fa000-775fe000 r-xs 00016000 08:13 6816281    /home/lb3/.m2/repository/org/eclipse/core/commands/3.3.0-I20070605-0010/commands-3.3.0-I20070605-0010.jar
775fe000-77604000 r-xs 00034000 08:13 7364660    /home/lb3/.m2/repository/org/eclipse/text/3.3.0-v20070606-0010/text-3.3.0-v20070606-0010.jar
77604000-77613000 r-xs 000e5000 08:13 6816264    /home/lb3/.m2/repository/org/eclipse/osgi/3.4.3.R34x_v20081215-1030/osgi-3.4.3.R34x_v20081215-1030.jar
77613000-77639000 r-xs 003c9000 08:13 6952202    /home/lb3/.m2/repository/org/eclipse/jdt/core/3.3.0-v_771/core-3.3.0-v_771.jar
77639000-7763a000 ---p 00000000 00:00 0 
7763a000-776ba000 rwxp 00000000 00:00 0 
776ba000-776bd000 ---p 00000000 00:00 0 
776bd000-7770b000 rwxp 00000000 00:00 0 
7770b000-7770e000 ---p 00000000 00:00 0 
7770e000-7778c000 rwxp 00000000 00:00 0 
7778c000-7778f000 ---p 00000000 00:00 0 
7778f000-7780d000 rwxp 00000000 00:00 0 
7780d000-77810000 ---p 00000000 00:00 0 
77810000-7785e000 rwxp 00000000 00:00 0 
7785e000-77861000 ---p 00000000 00:00 0 
77861000-778af000 rwxp 00000000 00:00 0 
778af000-778b2000 ---p 00000000 00:00 0 
778b2000-77900000 rwxp 00000000 00:00 0 
77900000-779ff000 rwxp 00000000 00:00 0 
779ff000-77a00000 ---p 00000000 00:00 0 
77a01000-77a02000 r-xs 00000000 08:13 657181     /home/lb3/.m2/repository/javax/inject/javax.inject/1/javax.inject-1.jar
77a02000-77a03000 r-xs 00001000 08:13 282646     /home/lb3/.m2/repository/javax/annotation/jsr250-api/1.0/jsr250-api-1.0.jar
77a03000-77a06000 r-xs 00012000 08:13 6816269    /home/lb3/.m2/repository/org/eclipse/core/contenttype/3.2.100-v20070319/contenttype-3.2.100-v20070319.jar
77a06000-77a09000 r-xs 00017000 08:13 6816273    /home/lb3/.m2/repository/org/eclipse/equinox/preferences/3.2.100-v20070522/preferences-3.2.100-v20070522.jar
77a09000-77a0d000 r-xs 00024000 08:13 6816266    /home/lb3/.m2/repository/org/eclipse/equinox/registry/3.3.0-v20070522/registry-3.3.0-v20070522.jar
77a0d000-77a10000 ---p 00000000 00:00 0 
77a10000-77a5e000 rwxp 00000000 00:00 0 
77a5e000-77a61000 ---p 00000000 00:00 0 
77a61000-77aaf000 rwxp 00000000 00:00 0 
77aaf000-77ab2000 ---p 00000000 00:00 0 
77ab2000-77b00000 rwxp 00000000 00:00 0 
77b00000-77b01000 ---p 00000000 00:00 0 
77b01000-77bb4000 rwxp 00000000 00:00 0 
77bb4000-77d4a000 r-xs 02fd0000 08:13 6685733    /usr/lib/jvm/java-6-sun-1.6.0.20/jre/lib/rt.jar
77d4a000-77d4b000 ---p 00000000 00:00 0 
77d4b000-77dcb000 rwxp 00000000 00:00 0 
77dcb000-77dcc000 ---p 00000000 00:00 0 
77dcc000-77e4c000 rwxp 00000000 00:00 0 
77e4c000-77e4d000 ---p 00000000 00:00 0 
77e4d000-77ecd000 rwxp 00000000 00:00 0 
77ecd000-77ece000 ---p 00000000 00:00 0 
77ece000-77f59000 rwxp 00000000 00:00 0 
77f59000-77f6e000 rwxp 00000000 00:00 0 
77f6e000-77f81000 rwxp 00000000 00:00 0 
77f81000-78095000 rwxp 00000000 00:00 0 
78095000-780a0000 rwxp 00000000 00:00 0 
780a0000-780b5000 rwxp 00000000 00:00 0 
780b5000-780c8000 rwxp 00000000 00:00 0 
780c8000-781db000 rwxp 00000000 00:00 0 
781db000-7822e000 rwxp 00000000 00:00 0 
7822e000-7822f000 ---p 00000000 00:00 0 
7822f000-7826f000 rwxp 00000000 00:00 0 
7826f000-79690000 rwxp 00000000 00:00 0 
79690000-7c270000 rwxp 00000000 00:00 0 
7c270000-7e740000 rwxp 00000000 00:00 0 
7e740000-a0fd0000 rwxp 00000000 00:00 0 
a0fd0000-ab370000 rwxp 00000000 00:00 0 
ab370000-ab4f0000 ---p 00000000 00:00 0 
ab4f0000-b3670000 rwxp 00000000 00:00 0 
b3670000-b3672000 r-xs 00012000 08:13 6816274    /home/lb3/.m2/repository/org/eclipse/core/expressions/3.3.0-v20070606-0010/expressions-3.3.0-v20070606-0010.jar
b3672000-b367c000 r-xs 0009c000 08:13 278680     /home/lb3/.m2/repository/org/eclipse/core/resources/3.3.0-v20070604/resources-3.3.0-v20070604.jar
b367c000-b3685000 rwxp 00000000 00:00 0 
b3685000-b373c000 rwxp 00000000 00:00 0 
b373c000-b397c000 rwxp 00000000 00:00 0 
b397c000-b673c000 rwxp 00000000 00:00 0 
b673c000-b674b000 r-xp 00000000 08:13 6685718    /usr/lib/jvm/java-6-sun-1.6.0.20/jre/lib/i386/libzip.so
b674b000-b674d000 rwxp 0000e000 08:13 6685718    /usr/lib/jvm/java-6-sun-1.6.0.20/jre/lib/i386/libzip.so
b674d000-b6757000 r-xp 00000000 08:13 34321      /lib/tls/i686/cmov/libnss_files-2.11.1.so
b6757000-b6758000 r-xp 00009000 08:13 34321      /lib/tls/i686/cmov/libnss_files-2.11.1.so
b6758000-b6759000 rwxp 0000a000 08:13 34321      /lib/tls/i686/cmov/libnss_files-2.11.1.so
b6759000-b6761000 r-xp 00000000 08:13 34352      /lib/tls/i686/cmov/libnss_nis-2.11.1.so
b6761000-b6762000 r-xp 00007000 08:13 34352      /lib/tls/i686/cmov/libnss_nis-2.11.1.so
b6762000-b6763000 rwxp 00008000 08:13 34352      /lib/tls/i686/cmov/libnss_nis-2.11.1.so
b6763000-b6769000 r-xp 00000000 08:13 34258      /lib/tls/i686/cmov/libnss_compat-2.11.1.so
b6769000-b676a000 r-xp 00006000 08:13 34258      /lib/tls/i686/cmov/libnss_compat-2.11.1.so
b676a000-b676b000 rwxp 00007000 08:13 34258      /lib/tls/i686/cmov/libnss_compat-2.11.1.so
b676b000-b676c000 r-xs 00001000 08:13 657093     /home/lb3/.m2/repository/org/jboss/interceptor/jboss-interceptor-api/1.1/jboss-interceptor-api-1.1.jar
b676c000-b676e000 r-xs 00012000 08:13 6816265    /home/lb3/.m2/repository/org/eclipse/core/jobs/3.3.0-v20070423/jobs-3.3.0-v20070423.jar
b676e000-b6770000 r-xs 00010000 08:13 6816257    /home/lb3/.m2/repository/org/eclipse/core/runtime/3.3.100-v20070530/runtime-3.3.100-v20070530.jar
b6770000-b6772000 r-xs 00015000 08:13 6816259    /home/lb3/.m2/repository/org/eclipse/equinox/common/3.3.0-v20070426/common-3.3.0-v20070426.jar
b6772000-b6775000 r-xp 00000000 08:13 6685706    /usr/lib/jvm/java-6-sun-1.6.0.20/jre/lib/i386/libdt_socket.so
b6775000-b6776000 rwxp 00003000 08:13 6685706    /usr/lib/jvm/java-6-sun-1.6.0.20/jre/lib/i386/libdt_socket.so
b6776000-b677e000 rwxs 00000000 08:13 4852331    /tmp/hsperfdata_lb3/27915
b677e000-b67bd000 r-xp 00000000 08:13 4492260    /usr/lib/locale/en_US.utf8/LC_CTYPE
b67bd000-b67be000 r-xp 00000000 08:13 4457162    /usr/lib/locale/en_US.utf8/LC_NUMERIC
b67be000-b67bf000 r-xp 00000000 08:13 4492262    /usr/lib/locale/en_US.utf8/LC_TIME
b67bf000-b68dd000 r-xp 00000000 08:13 4492261    /usr/lib/locale/en_US.utf8/LC_COLLATE
b68dd000-b68de000 r-xp 00000000 08:13 4492263    /usr/lib/locale/en_US.utf8/LC_MONETARY
b68de000-b68df000 r-xp 00000000 08:13 4492264    /usr/lib/locale/en_US.utf8/LC_MESSAGES/SYS_LC_MESSAGES
b68df000-b6919000 r-xp 00000000 08:13 6685725    /usr/lib/jvm/java-6-sun-1.6.0.20/jre/lib/i386/libjdwp.so
b6919000-b691a000 rwxp 00039000 08:13 6685725    /usr/lib/jvm/java-6-sun-1.6.0.20/jre/lib/i386/libjdwp.so
b691a000-b692d000 r-xp 00000000 08:13 34257      /lib/tls/i686/cmov/libnsl-2.11.1.so
b692d000-b692e000 r-xp 00012000 08:13 34257      /lib/tls/i686/cmov/libnsl-2.11.1.so
b692e000-b692f000 rwxp 00013000 08:13 34257      /lib/tls/i686/cmov/libnsl-2.11.1.so
b692f000-b6931000 rwxp 00000000 00:00 0 
b6931000-b6932000 r-xp 00000000 08:13 4457168    /usr/lib/locale/en_US.utf8/LC_PAPER
b6932000-b6933000 r-xp 00000000 08:13 4457169    /usr/lib/locale/en_US.utf8/LC_NAME
b6933000-b6934000 r-xp 00000000 08:13 4492265    /usr/lib/locale/en_US.utf8/LC_ADDRESS
b6934000-b6935000 r-xp 00000000 08:13 4492266    /usr/lib/locale/en_US.utf8/LC_TELEPHONE
b6935000-b6936000 r-xp 00000000 08:13 4457172    /usr/lib/locale/en_US.utf8/LC_MEASUREMENT
b6936000-b693d000 r-xs 00000000 08:13 28249      /usr/lib/gconv/gconv-modules.cache
b693d000-b6943000 r-xp 00000000 08:13 6685690    /usr/lib/jvm/java-6-sun-1.6.0.20/jre/lib/i386/native_threads/libhpi.so
b6943000-b6944000 rwxp 00006000 08:13 6685690    /usr/lib/jvm/java-6-sun-1.6.0.20/jre/lib/i386/native_threads/libhpi.so
b6944000-b6967000 r-xp 00000000 08:13 6685705    /usr/lib/jvm/java-6-sun-1.6.0.20/jre/lib/i386/libjava.so
b6967000-b6969000 rwxp 00023000 08:13 6685705    /usr/lib/jvm/java-6-sun-1.6.0.20/jre/lib/i386/libjava.so
b6969000-b6970000 r-xp 00000000 08:13 34558      /lib/tls/i686/cmov/librt-2.11.1.so
b6970000-b6971000 r-xp 00006000 08:13 34558      /lib/tls/i686/cmov/librt-2.11.1.so
b6971000-b6972000 rwxp 00007000 08:13 34558      /lib/tls/i686/cmov/librt-2.11.1.so
b6972000-b6975000 ---p 00000000 00:00 0 
b6975000-b69c3000 rwxp 00000000 00:00 0 
b69c3000-b69e7000 r-xp 00000000 08:13 34238      /lib/tls/i686/cmov/libm-2.11.1.so
b69e7000-b69e8000 r-xp 00023000 08:13 34238      /lib/tls/i686/cmov/libm-2.11.1.so
b69e8000-b69e9000 rwxp 00024000 08:13 34238      /lib/tls/i686/cmov/libm-2.11.1.so
b69e9000-b70f5000 r-xp 00000000 08:13 6685710    /usr/lib/jvm/java-6-sun-1.6.0.20/jre/lib/i386/server/libjvm.so
b70f5000-b7146000 rwxp 0070b000 08:13 6685710    /usr/lib/jvm/java-6-sun-1.6.0.20/jre/lib/i386/server/libjvm.so
b7146000-b7565000 rwxp 00000000 00:00 0 
b7565000-b76b8000 r-xp 00000000 08:13 8546       /lib/tls/i686/cmov/libc-2.11.1.so
b76b8000-b76b9000 ---p 00153000 08:13 8546       /lib/tls/i686/cmov/libc-2.11.1.so
b76b9000-b76bb000 r-xp 00153000 08:13 8546       /lib/tls/i686/cmov/libc-2.11.1.so
b76bb000-b76bc000 rwxp 00155000 08:13 8546       /lib/tls/i686/cmov/libc-2.11.1.so
b76bc000-b76bf000 rwxp 00000000 00:00 0 
b76bf000-b76c1000 r-xp 00000000 08:13 33961      /lib/tls/i686/cmov/libdl-2.11.1.so
b76c1000-b76c2000 r-xp 00001000 08:13 33961      /lib/tls/i686/cmov/libdl-2.11.1.so
b76c2000-b76c3000 rwxp 00002000 08:13 33961      /lib/tls/i686/cmov/libdl-2.11.1.so
b76c3000-b76ca000 r-xp 00000000 08:13 6685686    /usr/lib/jvm/java-6-sun-1.6.0.20/jre/lib/i386/jli/libjli.so
b76ca000-b76cc000 rwxp 00006000 08:13 6685686    /usr/lib/jvm/java-6-sun-1.6.0.20/jre/lib/i386/jli/libjli.so
b76cc000-b76cd000 rwxp 00000000 00:00 0 
b76cd000-b76e2000 r-xp 00000000 08:13 34543      /lib/tls/i686/cmov/libpthread-2.11.1.so
b76e2000-b76e3000 r-xp 00014000 08:13 34543      /lib/tls/i686/cmov/libpthread-2.11.1.so
b76e3000-b76e4000 rwxp 00015000 08:13 34543      /lib/tls/i686/cmov/libpthread-2.11.1.so
b76e4000-b76e6000 rwxp 00000000 00:00 0 
b76e6000-b76e7000 r-xp 00000000 08:13 4492267    /usr/lib/locale/en_US.utf8/LC_IDENTIFICATION
b76e7000-b76ea000 r-xp 00000000 08:13 6685700    /usr/lib/jvm/java-6-sun-1.6.0.20/jre/lib/i386/libnpt.so
b76ea000-b76eb000 rwxp 00002000 08:13 6685700    /usr/lib/jvm/java-6-sun-1.6.0.20/jre/lib/i386/libnpt.so
b76eb000-b76ec000 rwxp 00000000 00:00 0 
b76ec000-b76ed000 r-xp 00000000 00:00 0 
b76ed000-b76f8000 r-xp 00000000 08:13 6685698    /usr/lib/jvm/java-6-sun-1.6.0.20/jre/lib/i386/libverify.so
b76f8000-b76f9000 rwxp 0000b000 08:13 6685698    /usr/lib/jvm/java-6-sun-1.6.0.20/jre/lib/i386/libverify.so
b76f9000-b76fb000 rwxp 00000000 00:00 0 
b76fb000-b76fc000 r-xp 00000000 00:00 0          [vdso]
b76fc000-b7717000 r-xp 00000000 08:13 6218       /lib/ld-2.11.1.so
b7717000-b7718000 r-xp 0001a000 08:13 6218       /lib/ld-2.11.1.so
b7718000-b7719000 rwxp 0001b000 08:13 6218       /lib/ld-2.11.1.so
bfdc8000-bfddf000 rwxp 00000000 00:00 0          [stack]

VM Arguments:
jvm_args: -agentlib:jdwp=transport=dt_socket,suspend=y,address=localhost:42297 -Dfile.encoding=UTF-8 
java_command: org.eclipse.jdt.internal.junit.runner.RemoteTestRunner -version 3 -port 33073 -testLoaderClass org.eclipse.jdt.internal.junit4.runner.JUnit4TestLoader -loaderpluginname org.eclipse.jdt.junit4.runtime -classNames org.jboss.seam.sidekick.scaffold.test.ScaffoldTest
Launcher Type: SUN_STANDARD

Environment Variables:
JAVA_HOME=/usr/lib/jvm/java-6-sun
PATH=~/Development/apache-maven-3.0-beta-2/bin:/usr/lib/jvm/java-6-sun/bin:/usr/local/sbin:/usr/local/bin:/usr/sbin:/usr/bin:/sbin:/bin:/usr/games:/home/lb3/grails/bin:/home/lb3/Development/android-sdk-linux/tools:~/functions
USERNAME=lb3
LD_LIBRARY_PATH=/usr/lib/jvm/java-6-sun-1.6.0.20/jre/lib/i386/server:/usr/lib/jvm/java-6-sun-1.6.0.20/jre/lib/i386:/usr/lib/jvm/java-6-sun-1.6.0.20/jre/../lib/i386:/usr/lib/jvm/java-6-sun-1.6.0.20/jre/lib/i386/client:/usr/lib/jvm/java-6-sun-1.6.0.20/jre/lib/i386:/usr/lib/xulrunner-addons:/usr/lib/xulrunner-addons
SHELL=/bin/bash
DISPLAY=:0.0

Signal Handlers:
SIGSEGV: [libjvm.so+0x68d5c0], sa_mask[0]=0x7ffbfeff, sa_flags=0x10000004
SIGBUS: [libjvm.so+0x68d5c0], sa_mask[0]=0x7ffbfeff, sa_flags=0x10000004
SIGFPE: [libjvm.so+0x55cb30], sa_mask[0]=0x7ffbfeff, sa_flags=0x10000004
SIGPIPE: [libjvm.so+0x55cb30], sa_mask[0]=0x7ffbfeff, sa_flags=0x10000004
SIGXFSZ: [libjvm.so+0x55cb30], sa_mask[0]=0x7ffbfeff, sa_flags=0x10000004
SIGILL: [libjvm.so+0x55cb30], sa_mask[0]=0x7ffbfeff, sa_flags=0x10000004
SIGUSR1: SIG_DFL, sa_mask[0]=0x00000000, sa_flags=0x00000000
SIGUSR2: [libjvm.so+0x55f770], sa_mask[0]=0x00000004, sa_flags=0x10000004
SIGHUP: [libjvm.so+0x55f4a0], sa_mask[0]=0x7ffbfeff, sa_flags=0x10000004
SIGINT: [libjvm.so+0x55f4a0], sa_mask[0]=0x7ffbfeff, sa_flags=0x10000004
SIGTERM: [libjvm.so+0x55f4a0], sa_mask[0]=0x7ffbfeff, sa_flags=0x10000004
SIGQUIT: [libjvm.so+0x55f4a0], sa_mask[0]=0x7ffbfeff, sa_flags=0x10000004


---------------  S Y S T E M  ---------------

OS:squeeze/sid

uname:Linux 2.6.32-24-generic #42-Ubuntu SMP Fri Aug 20 14:24:04 UTC 2010 i686
libc:glibc 2.11.1 NPTL 2.11.1 
rlimit: STACK 8192k, CORE 0k, NPROC infinity, NOFILE 1024, AS infinity
load average:0.90 1.16 1.18

CPU:total 4 (4 cores per cpu, 1 threads per core) family 6 model 15 stepping 11, cmov, cx8, fxsr, mmx, sse, sse2, sse3, ssse3

Memory: 4k page, physical 3613340k(1080328k free), swap 7815612k(7808700k free)

vm_info: Java HotSpot(TM) Server VM (16.3-b01) for linux-x86 JRE (1.6.0_20-b02), built on Apr 12 2010 13:58:11 by "java_re" with gcc 3.2.1-7a (J2SE release)

time: Wed Sep 22 13:55:01 2010
elapsed time: 439 seconds

